{
  "RSpec": {
    "coverage": {
      "/home/henri/Documents/CS/courses/web-palvelinohjelmointi/ratebeer/app/helpers/application_helper.rb": [
        1,
        null
      ],
      "/home/henri/Documents/CS/courses/web-palvelinohjelmointi/ratebeer/app/helpers/beer_clubs_helper.rb": [
        1,
        null
      ],
      "/home/henri/Documents/CS/courses/web-palvelinohjelmointi/ratebeer/app/helpers/beers_helper.rb": [
        1,
        null
      ],
      "/home/henri/Documents/CS/courses/web-palvelinohjelmointi/ratebeer/app/helpers/breweries_helper.rb": [
        1,
        null
      ],
      "/home/henri/Documents/CS/courses/web-palvelinohjelmointi/ratebeer/app/helpers/memberships_helper.rb": [
        1,
        null
      ],
      "/home/henri/Documents/CS/courses/web-palvelinohjelmointi/ratebeer/app/helpers/users_helper.rb": [
        1,
        null
      ],
      "/home/henri/Documents/CS/courses/web-palvelinohjelmointi/ratebeer/app/models/beer.rb": [
        1,
        1,
        null,
        1,
        1,
        1,
        null,
        1,
        1,
        null,
        1,
        2,
        null,
        null
      ],
      "/home/henri/Documents/CS/courses/web-palvelinohjelmointi/ratebeer/app/models/application_record.rb": [
        1,
        1,
        null
      ],
      "/home/henri/Documents/CS/courses/web-palvelinohjelmointi/ratebeer/app/models/concerns/rating_average.rb": [
        1,
        1,
        15,
        null,
        9,
        33,
        null,
        null
      ],
      "/home/henri/Documents/CS/courses/web-palvelinohjelmointi/ratebeer/app/models/user.rb": [
        1,
        1,
        null,
        1,
        null,
        1,
        1,
        1,
        1,
        null,
        1,
        null,
        null,
        null,
        1,
        null,
        null,
        1,
        3,
        null,
        2,
        null,
        null
      ],
      "/home/henri/Documents/CS/courses/web-palvelinohjelmointi/ratebeer/app/controllers/breweries_controller.rb": [
        1,
        1,
        1,
        null,
        null,
        null,
        1,
        3,
        null,
        null,
        null,
        null,
        1,
        null,
        null,
        null,
        1,
        0,
        null,
        null,
        null,
        1,
        null,
        null,
        null,
        null,
        1,
        0,
        null,
        0,
        0,
        0,
        0,
        null,
        0,
        0,
        null,
        null,
        null,
        null,
        null,
        null,
        1,
        0,
        0,
        0,
        0,
        null,
        0,
        0,
        null,
        null,
        null,
        null,
        null,
        null,
        1,
        0,
        0,
        0,
        0,
        null,
        null,
        null,
        1,
        null,
        null,
        1,
        1,
        null,
        null,
        null,
        1,
        0,
        null,
        null,
        1,
        0,
        null,
        0,
        0,
        null,
        null,
        0,
        null,
        null,
        null
      ],
      "/home/henri/Documents/CS/courses/web-palvelinohjelmointi/ratebeer/app/controllers/application_controller.rb": [
        1,
        1,
        null,
        1,
        116,
        null,
        98,
        null,
        null
      ],
      "/home/henri/Documents/CS/courses/web-palvelinohjelmointi/ratebeer/app/models/brewery.rb": [
        1,
        1,
        null,
        1,
        null,
        1,
        51,
        null,
        null,
        1,
        1,
        null,
        1,
        1,
        null,
        null,
        null,
        1,
        3,
        null,
        null
      ],
      "/home/henri/Documents/CS/courses/web-palvelinohjelmointi/ratebeer/app/models/rating.rb": [
        1,
        1,
        1,
        null,
        1,
        null,
        null,
        null,
        1,
        40,
        null,
        null
      ],
      "/home/henri/Documents/CS/courses/web-palvelinohjelmointi/ratebeer/app/controllers/beers_controller.rb": [
        1,
        1,
        1,
        null,
        null,
        null,
        1,
        1,
        null,
        null,
        null,
        null,
        1,
        null,
        null,
        null,
        1,
        2,
        null,
        null,
        null,
        1,
        null,
        null,
        null,
        null,
        1,
        2,
        null,
        2,
        2,
        2,
        1,
        null,
        1,
        2,
        1,
        null,
        null,
        null,
        null,
        null,
        null,
        1,
        0,
        0,
        0,
        0,
        null,
        0,
        0,
        null,
        null,
        null,
        null,
        null,
        null,
        1,
        0,
        0,
        0,
        0,
        null,
        null,
        null,
        1,
        null,
        null,
        1,
        0,
        null,
        null,
        null,
        1,
        2,
        null,
        null,
        1,
        3,
        3,
        null,
        null
      ],
      "/home/henri/Documents/CS/courses/web-palvelinohjelmointi/ratebeer/app/controllers/sessions_controller.rb": [
        1,
        1,
        null,
        null,
        1,
        9,
        9,
        8,
        8,
        null,
        1,
        null,
        null,
        null,
        1,
        0,
        0,
        null,
        null
      ],
      "/home/henri/Documents/CS/courses/web-palvelinohjelmointi/ratebeer/app/controllers/users_controller.rb": [
        1,
        1,
        null,
        null,
        null,
        1,
        0,
        null,
        null,
        null,
        null,
        1,
        null,
        null,
        null,
        1,
        1,
        null,
        null,
        null,
        1,
        0,
        null,
        null,
        null,
        null,
        null,
        1,
        1,
        null,
        1,
        1,
        2,
        1,
        null,
        0,
        0,
        null,
        null,
        null,
        null,
        null,
        null,
        1,
        0,
        0,
        0,
        0,
        null,
        0,
        0,
        null,
        null,
        null,
        null,
        null,
        null,
        1,
        0,
        0,
        0,
        0,
        0,
        null,
        null,
        null,
        1,
        null,
        null,
        1,
        13,
        null,
        null,
        null,
        1,
        1,
        null,
        null
      ],
      "/home/henri/Documents/CS/courses/web-palvelinohjelmointi/ratebeer/app/models/membership.rb": [
        1,
        1,
        1,
        null
      ],
      "/home/henri/Documents/CS/courses/web-palvelinohjelmointi/ratebeer/app/controllers/ratings_controller.rb": [
        1,
        1,
        null,
        1,
        1,
        null,
        null,
        1,
        1,
        1,
        null,
        null,
        1,
        1,
        1,
        null,
        1,
        1,
        1,
        null,
        0,
        0,
        null,
        null,
        null,
        1,
        1,
        1,
        1,
        null,
        null,
        1,
        null,
        1,
        1,
        null,
        null,
        1,
        0,
        null,
        null
      ],
      "/home/henri/Documents/CS/courses/web-palvelinohjelmointi/ratebeer/app/controllers/memberships_controller.rb": [
        0,
        0,
        null,
        null,
        null,
        0,
        0,
        0,
        null,
        null,
        null,
        0,
        0,
        null,
        null,
        0,
        0,
        0,
        0,
        0,
        0,
        0,
        0,
        0,
        null,
        null,
        0,
        0,
        null,
        null,
        null,
        0,
        0,
        0,
        null,
        0,
        0,
        0,
        0,
        0,
        0,
        0,
        0,
        0,
        0,
        0,
        null,
        null,
        null,
        0,
        0,
        0,
        0,
        0,
        0,
        0,
        0,
        0,
        0,
        0,
        null,
        null,
        null,
        0,
        0,
        0,
        0,
        0,
        0,
        0,
        null,
        0,
        null,
        null,
        0,
        0,
        0,
        null,
        null,
        0,
        0,
        0,
        0
      ],
      "/home/henri/Documents/CS/courses/web-palvelinohjelmointi/ratebeer/app/controllers/beer_clubs_controller.rb": [
        0,
        0,
        null,
        null,
        null,
        0,
        0,
        0,
        null,
        null,
        null,
        0,
        0,
        null,
        null,
        0,
        0,
        0,
        null,
        null,
        0,
        0,
        null,
        null,
        null,
        0,
        0,
        null,
        0,
        0,
        0,
        0,
        0,
        0,
        0,
        0,
        0,
        0,
        null,
        null,
        null,
        0,
        0,
        0,
        0,
        0,
        0,
        0,
        0,
        0,
        0,
        0,
        null,
        null,
        null,
        0,
        0,
        0,
        0,
        0,
        0,
        0,
        null,
        0,
        null,
        null,
        0,
        0,
        0,
        null,
        null,
        0,
        0,
        0,
        0
      ],
      "/home/henri/Documents/CS/courses/web-palvelinohjelmointi/ratebeer/app/channels/application_cable/connection.rb": [
        0,
        0,
        0,
        0
      ],
      "/home/henri/Documents/CS/courses/web-palvelinohjelmointi/ratebeer/app/channels/application_cable/channel.rb": [
        0,
        0,
        0,
        0
      ],
      "/home/henri/Documents/CS/courses/web-palvelinohjelmointi/ratebeer/app/jobs/application_job.rb": [
        0,
        0
      ],
      "/home/henri/Documents/CS/courses/web-palvelinohjelmointi/ratebeer/app/mailers/application_mailer.rb": [
        0,
        0,
        0,
        0
      ],
      "/home/henri/Documents/CS/courses/web-palvelinohjelmointi/ratebeer/app/models/beer_club.rb": [
        0,
        0,
        0,
        null,
        0,
        0,
        0,
        0
      ]
    },
    "timestamp": 1538229758
  }
}
